<?xml version="1.0" encoding="UTF-8"?>
<testng-results ignored="0" total="1" passed="1" failed="0" skipped="0">
  <reporter-output>
  </reporter-output>
  <suite started-at="2021-10-28T06:35:41 EDT" name="SampleTest" finished-at="2021-10-28T06:35:55 EDT" duration-ms="14524">
    <groups>
    </groups>
    <test started-at="2021-10-28T06:35:41 EDT" name="Command line test" finished-at="2021-10-28T06:35:55 EDT" duration-ms="14524">
      <class name="SampleTest">
        <test-method is-config="true" signature="setUp()[pri:0, instance:SampleTest@5c18298f]" started-at="2021-10-28T06:35:41 EDT" name="setUp" finished-at="2021-10-28T06:35:47 EDT" duration-ms="6024" status="PASS">
          <reporter-output>
          </reporter-output>
        </test-method> <!-- setUp -->
        <test-method signature="searchesTest()[pri:0, instance:SampleTest@5c18298f]" started-at="2021-10-28T06:35:47 EDT" name="searchesTest" finished-at="2021-10-28T06:35:55 EDT" duration-ms="8198" status="PASS">
          <reporter-output>
          </reporter-output>
        </test-method> <!-- searchesTest -->
        <test-method is-config="true" signature="setDown()[pri:0, instance:SampleTest@5c18298f]" started-at="2021-10-28T06:35:55 EDT" name="setDown" finished-at="2021-10-28T06:35:55 EDT" duration-ms="266" status="PASS">
          <reporter-output>
          </reporter-output>
        </test-method> <!-- setDown -->
      </class> <!-- SampleTest -->
    </test> <!-- Command line test -->
  </suite> <!-- SampleTest -->
</testng-results>
